2024-09-05 05:56:28,459 - INFO - Snowflake Connector for Python Version: 3.11.0, Python Version: 3.12.5, Platform: Linux-6.5.0-1025-azure-x86_64-with-glibc2.35
2024-09-05 05:56:28,459 - INFO - This connection is in OCSP Fail Open Mode. TLS Certificates would be checked for validity and revocation status. Any other Certificate Revocation related exceptions or OCSP Responder failures would be disregarded in favor of connectivity.
2024-09-05 05:56:30,247 - INFO - First run - 11:26:29 - Fetching data from 09:15:00 to 11:26:29
2024-09-05 05:57:54,383 - INFO - Timestamp - 11:26:29.936651 - Database updated
2024-09-05 05:57:54,383 - INFO - closed
2024-09-05 05:57:54,628 - INFO - No async queries seem to be running, deleting session
2024-09-05 06:00:56,215 - INFO - Snowflake Connector for Python Version: 3.11.0, Python Version: 3.12.5, Platform: Linux-6.5.0-1025-azure-x86_64-with-glibc2.35
2024-09-05 06:00:56,215 - INFO - This connection is in OCSP Fail Open Mode. TLS Certificates would be checked for validity and revocation status. Any other Certificate Revocation related exceptions or OCSP Responder failures would be disregarded in favor of connectivity.
2024-09-05 06:00:57,743 - INFO - Timestamp - 2024-09-05 11:30:57 - Data fetched from 2024-09-05 11:26:29 to 2024-09-05 11:30:57
2024-09-05 06:01:02,845 - INFO - Timestamp - 11:30:57.402379 - Database updated
2024-09-05 06:01:02,846 - INFO - closed
2024-09-05 06:01:03,029 - INFO - No async queries seem to be running, deleting session
2024-09-05 06:11:35,187 - INFO - Snowflake Connector for Python Version: 3.11.0, Python Version: 3.12.5, Platform: Linux-6.5.0-1025-azure-x86_64-with-glibc2.35
2024-09-05 06:11:35,187 - INFO - This connection is in OCSP Fail Open Mode. TLS Certificates would be checked for validity and revocation status. Any other Certificate Revocation related exceptions or OCSP Responder failures would be disregarded in favor of connectivity.
2024-09-05 06:11:37,009 - INFO - First run - 11:41:36 - Fetching data from 09:15:00 to 11:41:36
2024-09-05 06:13:16,200 - INFO - Timestamp - 1900-01-01 11:41:36 - Database updated
2024-09-05 06:13:16,200 - INFO - closed
2024-09-05 06:13:16,422 - INFO - No async queries seem to be running, deleting session
2024-09-05 06:16:10,642 - INFO - Snowflake Connector for Python Version: 3.11.0, Python Version: 3.12.5, Platform: Linux-6.5.0-1025-azure-x86_64-with-glibc2.35
2024-09-05 06:16:10,642 - INFO - This connection is in OCSP Fail Open Mode. TLS Certificates would be checked for validity and revocation status. Any other Certificate Revocation related exceptions or OCSP Responder failures would be disregarded in favor of connectivity.
2024-09-05 06:16:12,611 - INFO - Timestamp - 2024-09-05 11:46:12 - Data fetched from 2024-09-05 11:41:36 to 2024-09-05 11:46:12
2024-09-05 06:16:17,853 - INFO - Timestamp - 1900-01-01 11:46:12 - Database updated
2024-09-05 06:16:17,853 - INFO - closed
2024-09-05 06:16:18,136 - INFO - No async queries seem to be running, deleting session
